# Authors : Ludovic Fierville, Philippe Aubé
SOURCELONG:Document de Référence du Système (version 3.5)	SOURCESHORT:DRS	SOURCEWEB:http://www.wizards.com/default.asp?x=d20/article/srd35

KEY:MWORKW.MOD		OUTPUTNAME:de Maître
KEY:MWORKA.MOD		OUTPUTNAME:de Maître
KEY:MWORKI.MOD		OUTPUTNAME:de Maître
KEY:MWORKT.MOD		OUTPUTNAME:de Maître

KEY:WOOD.MOD		OUTPUTNAME:Bois
KEY:STEEL.MOD		OUTPUTNAME:Acier
KEY:CLAY.MOD		OUTPUTNAME:Argile
KEY:CLOTH.MOD		OUTPUTNAME:Tissu
KEY:GLASS.MOD		OUTPUTNAME:Verre
KEY:HIDE.MOD		OUTPUTNAME:Fourrure
KEY:ICE.MOD			OUTPUTNAME:Glace
KEY:IRON.MOD		OUTPUTNAME:Fer
KEY:LEATHER.MOD		OUTPUTNAME:Cuir
KEY:PAPER.MOD		OUTPUTNAME:Papier
KEY:PARCHMENT.MOD	OUTPUTNAME:Parchemin
KEY:ROPE.MOD		OUTPUTNAME:Corde
KEY:STONE.MOD		OUTPUTNAME:Pierre
KEY:WAX.MOD			OUTPUTNAME:Cire
KEY:BONE.MOD		OUTPUTNAME:Ossement
KEY:BRASS.MOD		OUTPUTNAME:Airain
KEY:BRONZE.MOD		OUTPUTNAME:Bronze
KEY:GOLD.MOD		OUTPUTNAME:Or
KEY:SILK.MOD		OUTPUTNAME:Soie
KEY:SILVER.MOD		OUTPUTNAME:Argent
