# Authors : Pascal Bousquet
SOURCELONG:Base de référence 	SOURCESHORT:PFR	SOURCEWEB:http://www.pathfinder-fr.org/Wiki/Pathfinder-RPG.

# Barbare
# Ability Name
CATEGORY=Special Ability|Barbarian ~ Weapon and Armor Proficiency.MOD	OUTPUTNAME:Armes et armures					DESC:.CLEAR		DESC:Le barbare est formé au maniement de toutes les armes courantes et de guerre, ainsi qu’au port des armures légères et intermédiaires, et à l’utilisation des boucliers (à l’exception des pavois).
CATEGORY=Special Ability|Barbarian ~ Fast Movement.MOD					OUTPUTNAME:Déplacement accéléré				DESC:.CLEAR		DESC:La vitesse de déplacement au sol d’un barbare est supérieure de 3 m (2 cases) à la vitesse normale de sa race. Cet avantage s’applique uniquement lorsque le barbare ne porte aucune armure, une armure légère ou une armure intermédiaire et qu’il ne transporte pas de charge lourde. Le bonus s’applique avant le calcul de la vitesse du barbare en fonction de la charge transportée ou de l’armure portée, et il se cumule avec tous les autres bonus à la vitesse de déplacement au sol.
CATEGORY=Special Ability|Barbarian ~ Rage.MOD							OUTPUTNAME:Rage de berserker				DESC:.CLEAR		DESC:Le barbare peut faire appel à des réserves intérieures de force et de férocité qui augmentent sa puissance au combat. Un barbare peut entrer en rage chaque jour pendant un nombre de rounds égal à %1 . Les accroissements temporaires de la Constitution (comme ceux qui proviennent de la rage ou de sorts comme endurance de l’ours) ne modifient pas le nombre total de rounds de rage par jour. Un barbare peut entrer en rage par une action libre. Le quota de rounds de rage par jour est renouvelé après un repos de huit heures (ces heures ne doivent pas forcément être consécutives).Lorsqu’il est en rage, un barbare bénéficie d’un bonus de moral de +%2 à la Force et de +%3 à la Constitution ainsi que d’un bonus de moral de +%4 aux jets de Volonté. Il subit également un malus de -%5 à sa classe d’armure. Cette augmentation de la Constitution donne au barbare %6 points de vie supplémentaires mais ceux-ci disparaissent dès que la rage se termine (contrairement aux points de vie temporaires, qui disparaissent en premier). Lorsqu’il est en rage, un barbare ne peut pas utiliser de compétence basée sur le Charisme, la Dextérité ou l’Intelligence (à l’exception des compétences Acrobaties, Équitation, Intimidation et Vol) ni de capacités nécessitant de la patience ou de la concentration.Le barbare peut mettre fin à sa rage par une action libre. Il est alors fatigué pendant un nombre de rounds égal au double du nombre de rounds passés en rage. Le barbare ne peut entrer à nouveau en rage tant qu’il est fatigué ou épuisé mais, tant que cette restriction est respectée, il peut entrer en rage plusieurs fois au cours d’une même rencontre ou d’un même combat. Si le barbare tombe inconscient, sa rage se termine immédiatement (ce qui peut se révéler mortel).|RageDuration|RageStrBonus|RageConBonus|RageSaveBonus|(RageConBonus/2)*TL
CATEGORY=Special Ability|Barbarian ~ Rage Powers.MOD					OUTPUTNAME:Pouvoirs de rage					DESC:.CLEAR		DESC:En gagnant des niveaux, un barbare apprend à canaliser sa rage sous diverses formes. Le barbare gagne un pouvoir de rage au niveau 2 et un autre pouvoir tous les deux niveaux de barbare suivants. Pour bénéficier des avantages octroyés par ses pouvoirs de rage, le barbare doit être en rage. Certains pouvoirs nécessitent également une action spécifique. Sauf mention contraire, un barbare ne peut pas choisir le même pouvoir de rage plus d’une fois.
CATEGORY=Special Ability|Barbarian ~ Trap Sense.MOD						OUTPUTNAME:Sens des pièges					DESC:.CLEAR		DESC:Au niveau 3, le barbare gagne un bonus de +1 aux jets de Réflexes destinés à éviter des pièges ainsi qu’un bonus d’esquive de +1 à la classe d’armure contre les attaques provoquées par des pièges. Ces bonus augmentent de +1 tous les trois niveaux par la suite (aux niveaux 6, 9, 12, 15 et 18). Les bonus de sens des pièges provenant de classes différentes se cumulent
CATEGORY=Special Ability|Barbarian ~ Damage Reduction.MOD				OUTPUTNAME:Réduction de dégâts				DESC:.CLEAR		DESC:Au niveau 7, le barbare gagne une réduction de dégâts. Chaque fois qu’une arme ou qu’une attaque naturelle lui inflige des dégâts, ceux-ci sont réduits de %1. Les réductions de dégâts peuvent diminuer la quantité de dégâts jusqu’à 0 mais pas au-delà.|BarbarianDR
CATEGORY=Special Ability|Barbarian ~ Greater Rage.MOD					OUTPUTNAME:Rage de grand berserker			DESC:.CLEAR		DESC:À partir du niveau 11, les bonus de moral à la Force et à la Constitution gagnés lorsque le barbare entre en rage passent à +6 et le bonus de moral aux jets de Volonté grimpe à +3.
CATEGORY=Special Ability|Barbarian ~ Tireless Rage.MOD					OUTPUTNAME:Rage sans fatigue				DESC:.CLEAR		DESC:Dès le niveau 17, un barbare n’est plus fatigué lorsqu’il met fin à sa rage.
CATEGORY=Special Ability|Barbarian ~ Mighty Rage.MOD					OUTPUTNAME:Rage de maître berserker			DESC:.CLEAR		DESC:Au niveau 20, les bonus de moral à la Force et à la Constitution gagnés lorsque le barbare entre en rage passent à +8 et le bonus de moral aux jets de Volonté grimpe à +4.
CATEGORY=Special Ability|Barbarian ~ Indomitable Will.MOD				OUTPUTNAME:Volonté indomptable				DESC:.CLEAR		DESC:Lorsqu’un barbare de niveau 14 ou plus est en rage, il gagne un bonus de +4 aux jets de Volonté contre les sorts d’Enchantement. Ce bonus se cumule avec tous les autres modificateurs, y compris le bonus de moral octroyé par la rage.
CATEGORY=Special Ability|Barbarian ~ Uncanny Dodge.MOD					OUTPUTNAME:Esquive instinctive				DESC:.CLEAR		DESC:Au niveau 2, le barbare gagne la capacité de réagir aux dangers avant même que ses sens les perçoivent. Il ne peut pas être pris au dépourvu et, de plus, il conserve son bonus de Dextérité à la classe d’armure lorsqu’il est attaqué par un adversaire invisible. La règle normale s’applique cependant lorsqu’il est immobilisé : dans ce cas, il perd son bonus de Dextérité à la classe d’armure. Un barbare disposant de cette capacité perd également son bonus de Dextérité à la classe d’armure si un adversaire parvient à réaliser une feinte en combat à son encontre.
CATEGORY=Special Ability|Barbarian ~ Improved Uncanny Dodge.MOD			OUTPUTNAME:Esquive instinctive supérieure	DESC:.CLEAR		DESC:À partir du niveau 5, un barbare ne peut plus être pris en tenaille. Un roublard ne peut donc pas utiliser ses capacités pour porter une attaque sournoise contre le barbare en le prenant en tenaille, à moins de posséder au moins quatre niveaux de roublard de plus que le nombre de niveaux de barbare de sa cible.
CATEGORY=Special Ability|Barbarian ~ Uncanny Dodge Tracker.MOD			OUTPUTNAME:Esquive instinctive

# Rage 
#CATEGORY=Special Ability|Rage Power ~ Animal Fury.MOD				OUTPUTNAME:Fureur animale
#CATEGORY=Special Ability|Rage Power ~ Clear Mind.MOD				OUTPUTNAME:Esprit vide
#CATEGORY=Special Ability|Rage Power ~ Fearless Rage.MOD				OUTPUTNAME:Rage sans peur
#CATEGORY=Special Ability|Rage Power ~ Increased Damage.MOD 			OUTPUTNAME:
#CATEGORY=Special Ability|Rage Power ~ Guarded Stance.MOD			OUTPUTNAME:
#CATEGORY=Special Ability|Rage Power ~ Internal Fortitude.MOD		OUTPUTNAME:
#CATEGORY=Special Ability|Rage Power ~ Intimidating Glare.MOD		OUTPUTNAME:
#CATEGORY=Special Ability|Rage Power ~ Knockback.MOD					OUTPUTNAME:
#CATEGORY=Special Ability|Rage Power ~ Low-Light Vision.MOD			OUTPUTNAME:
#CATEGORY=Special Ability|Rage Power ~ Mighty Swing.MOD				OUTPUTNAME:
#CATEGORY=Special Ability|Rage Power ~ Moment of Clarity.MOD			OUTPUTNAME:
#CATEGORY=Special Ability|Rage Power ~ Night Vision.MOD				OUTPUTNAME:
#CATEGORY=Special Ability|Rage Power ~ No Escape.MOD					OUTPUTNAME:
#CATEGORY=Special Ability|Rage Power ~ Powerful Blow.MOD				OUTPUTNAME:
#CATEGORY=Special Ability|Rage Power ~ Quick Reflexes.MOD			OUTPUTNAME:
#CATEGORY=Special Ability|Rage Power ~ Raging Climber.MOD			OUTPUTNAME:
#CATEGORY=Special Ability|Rage Power ~ Raging Leaper.MOD				OUTPUTNAME:
#CATEGORY=Special Ability|Rage Power ~ Raging Swimmer.MOD			OUTPUTNAME:
#CATEGORY=Special Ability|Rage Power ~ Renewed Vigor.MOD				OUTPUTNAME:
#CATEGORY=Special Ability|Rage Power ~ Rolling Dodge.MOD				OUTPUTNAME:
#CATEGORY=Special Ability|Rage Power ~ Roused Anger.MOD				OUTPUTNAME:
#CATEGORY=Special Ability|Rage Power ~ Scent.MOD						OUTPUTNAME:
#CATEGORY=Special Ability|Rage Power ~ Strength Surge.MOD			OUTPUTNAME:
#CATEGORY=Special Ability|Rage Power ~ Superstition.MOD				OUTPUTNAME:
#CATEGORY=Special Ability|Rage Power ~ Surprise Accuracy.MOD			OUTPUTNAME:
#CATEGORY=Special Ability|Rage Power ~ Swift Foot.MOD				OUTPUTNAME:
#CATEGORY=Special Ability|Rage Power ~ Terrifying Howl.MOD			OUTPUTNAME:Hurlement terrifiant
#CATEGORY=Special Ability|Rage Power ~ Unexpected Strike.MOD			OUTPUTNAME:

# Druide
# Ability Name
CATEGORY=Special Ability|Druid ~ Spontaneous Casting.MOD			OUTPUTNAME:Incantation spontanée				DESC:.CLEAR		DESC:Un druide peut canaliser l’énergie réservée à un sort pour la transformer spontanément en un sort de convocation qu’il n’avait pas préparé à l’avance. Il peut sacrifier un sort préparé pour lancer un sort de convocation d’alliés naturels de niveau égal ou inférieur au niveau du sort transformé.
CATEGORY=Special Ability|Druid ~ Orisons.MOD						OUTPUTNAME:Oraisons								DESC:.CLEAR		DESC:Les druides peuvent préparer un certain nombre d’oraisons (ou sorts de niveau 0) chaque jour, comme indiqué sur la Table "Le Druide" sous la mention « Sorts par jour ». Il jette ces sorts comme les autres mais ils ne sont pas perdus lorsqu’ils sont lancés et peuvent être utilisés à volonté.
CATEGORY=Special Ability|Druid ~ Nature Sense.MOD					OUTPUTNAME:Instinct naturel						DESC:.CLEAR		DESC:Le druide bénéficie d’un bonus de +2 aux tests de Connaissances (nature) et de Survie.
CATEGORY=Special Ability|Druid ~ Wild Empathy.MOD					OUTPUTNAME:Empathie sauvage						DESC:.CLEAR		DESC:Un druide peut améliorer l’attitude d’un animal. Cette aptitude suit les mêmes règles que les tests de Diplomatie destinés à modifier l’attitude d’une personne. Le druide lance 1d20 et ajoute son niveau de druide et son modificateur de Charisme pour déterminer le résultat de son test. L’attitude initiale des animaux domestiques est l’indifférence, tandis que les animaux sauvages sont généralement inamicaux.
CATEGORY=Special Ability|Druid ~ Woodland Stride.MOD				OUTPUTNAME:Déplacement facilité					DESC:.CLEAR		DESC:Le druide se déplace sans la moindre gêne dans toutes sortes de taillis, y compris les fourrés, les buissons (même épineux) et les autres zones de végétation dense. Il progresse à sa vitesse de déplacement normale et ne subit aucun dégât. La végétation enchantée de manière à restreindre les mouvements continue toutefois de l’affecter.
CATEGORY=Special Ability|Druid ~ Trackless Step.MOD					OUTPUTNAME:Absence de traces					DESC:.CLEAR		DESC:Le druide ne laisse plus la moindre trace en milieu naturel et il est impossible de le pister. Il peut néanmoins laisser des traces s’il le souhaite.
CATEGORY=Special Ability|Druid ~ Resist Nature's Lure.MOD			OUTPUTNAME:Résistance à l’appel de la nature	DESC:.CLEAR		DESC:Le druide bénéficie d’un bonus de +4 aux jets de sauvegarde contre les capacités surnaturelles ou magiques des fées. Ce bonus s’applique également aux sorts et aux effets qui utilisent ou ciblent des plantes, 
CATEGORY=Special Ability|Druid ~ Venom Immunity.MOD					OUTPUTNAME:Immunité contre le venin				DESC:.CLEAR		DESC:Le druide est immunisé à toutes les formes de poisons.
CATEGORY=Special Ability|Druid ~ A Thousand Faces.MOD				OUTPUTNAME:Mille visages						DESC:.CLEAR		DESC:Le druide acquiert le pouvoir surnaturel de se transformer à volonté, comme s’il utilisait le sort modification d’apparence, mais uniquement lorsqu’il est sous sa forme normale.
CATEGORY=Special Ability|Druid ~ Nature Bond.MOD					OUTPUTNAME:Pacte avec la nature					DESC:.CLEAR		DESC:Un lien se crée entre le druide et la nature, lien qui peut prendre une des deux formes suivantes. Domaine de druide ou Compagnon animal.
CATEGORY=Special Ability|Druid ~ Timeless Body.MOD					OUTPUTNAME:Éternelle jeunesse					DESC:.CLEAR		DESC:Le druide ne subit plus les effets du vieillissement et est immunisé aux attaques provoquant un vieillissement accéléré. Les malus de vieillesse qu’il aurait pu subir avant d’atteindre ce niveau ne sont pas effacés pour autant. Le druide continue de vieillir et bénéficie des bonus qui en découlent. Il meurt toujours de vieillesse lorsque son heure est venue.

# Paladin
# Ability Name
CATEGORY=Special Ability|Paladin ~ Aura of Good.MOD					OUTPUTNAME:Aura de Bien							DESC:.CLEAR		DESC:Un paladin génère une aura de Bien (voir le sort détection du Mal), dont la puissance correspond à son niveau de paladin.
CATEGORY=Special Ability|Paladin ~ Detect Evil.MOD					OUTPUTNAME:Détection du Mal						DESC:.CLEAR		DESC:Un paladin peut détecter le Mal à volonté, comme par le sort de détection du Mal. Par une action de mouvement, le paladin peut se concentrer sur un objet ou un individu unique distant de 18 m (12 cases) ou moins pour déterminer s’il est d’alignement Mauvais et pour connaître la puissance de son aura comme s’il l’avait étudié pendant trois rounds. Lorsqu’il se concentre sur un objet ou un individu, le paladin ne détecte pas le Mal sur les autres objets ou individus à proximité.
CATEGORY=Special Ability|Paladin ~ Smite Evil.MOD					OUTPUTNAME:Châtiment du Mal						DESC:.CLEAR		DESC:%1 par jour, un paladin peut faire appel aux pouvoirs du bien dans son combat contre le mal. Par une action rapide, le paladin désigne comme cible de son châtiment du Mal un ennemi qu’il peut voir. Si la cible est d’alignement Mauvais, le paladin ajoute %2 à ses jets d’attaque et %3 à tous les jets de dégâts à l’encontre de sa cible. Si la cible est un Extérieur du sous-type Mal, un dragon d’alignement Mauvais ou un mort-vivant, le bonus aux dégâts passe à %4 de dégâts pour la première attaque qui touche l'adversaire. Dans tous les cas, le châtiment du mal ignore toutes les réductions de dégâts de la cible. De plus, lorsqu’un châtiment du Mal est en cours, le paladin gagne un bonus de parade à sa CA %5 contre les attaques portées par la cible du châtiment du Mal. Si le paladin désigne une créature qui n’est pas d’alignement Mauvais, le châtiment est dépensé mais n’a aucun effet.|SmiteEvilTimes|SmiteEvilAttackBonus|SmiteEvilDamageBonus|SmiteEvilDamageBonus*2|SmiteEvilACBonus
CATEGORY=Special Ability|Paladin ~ Divine Grace.MOD					OUTPUTNAME:Grâce divine
CATEGORY=Special Ability|Paladin ~ Lay on Hands.MOD					OUTPUTNAME:Imposition des mains					DESC:.CLEAR		DESC:Un paladin peut soigner ses blessures ou celles de ses camarades d’un simple toucher. Il peut utiliser ce pouvoir %1 fois par jour. Chaque utilisation permet de soigner %2d6 points de vie et nécessite une action simple (sauf si le paladin soigne ses propres blessures, auquel cas une action rapide suffit). Contrairement à ce que son nom pourrait laisser penser, cette capacité ne nécessite qu’une seule main de libre pour être utilisée.|LayOnHandsTimes|LayOnHandsDice
CATEGORY=Special Ability|Paladin ~ Divine Health.MOD				OUTPUTNAME:Santé divine							DESC:.CLEAR		DESC:Un paladin est immunisé contre toutes les maladies, y compris celles qui sont d’origine magique ou surnaturelle.
CATEGORY=Special Ability|Paladin ~ Mercy.MOD						OUTPUTNAME:Grâce								DESC:.CLEAR		DESC:Un paladin peut choisir une grâce. Chaque grâce ajoute un effet supplémentaire à sa capacité d’imposition des mains.
CATEGORY=Special Ability|Paladin ~ Channel Positive Energy.MOD		OUTPUTNAME:Canalisation d’énergie positive		DESC:.CLEAR		DESC:L’énergie canalisée crée un rayonnement qui affecte toutes les créatures d’un type donné (soit vivants, soit morts-vivants) dans un rayon de 9 m (6 cases) autour du prêtre. La quantité de dégâts infligés ou de points de vie soignés est égale à %1d%2 points. Les créatures qui sont blessées par l’énergie canalisée bénéficient d’un jet de Volonté (DD %3) pour diminuer les dégâts de moitié. Les créatures qui sont soignées par l’énergie canalisée ne peuvent dépasser leur nombre maximal de points de vie : les points de vie excédentaires sont perdus. Chaque canalisation d’énergie consomme deux utilisations de sa capacité d’imposition des mains.|PaladinChannelDice|PaladinChannelDieSize|PaladinChannelDC
CATEGORY=Special Ability|Paladin ~ Holy Champion.MOD				OUTPUTNAME:Champion sacré						DESC:.CLEAR		DESC:Un paladin devient un véritable réceptacle de la puissance de son dieu. Sa RD augmente jusqu’à 10/Mal. Chaque fois qu’il utilise un châtiment du Mal et frappe un Extérieur d’alignement Mauvais, celui-ci est également soumis à un bannissement dont le NLS est égal à %1 (l’arme et le symbole sacré du paladin comptent automatiquement comme objets que la cible hait). Le châtiment du Mal se termine immédiatement après que l’effet de bannissement et les dégâts de l’attaque ont été appliqués. De plus, chaque fois que le paladin canalise de l’énergie positive ou utilise une imposition des mains pour guérir une créature, il soigne toujours le maximum de points de vie.|HolyChampionCasterLevel

CATEGORY=Special Ability|Paladin ~ Aura of Courage.MOD				OUTPUTNAME:Aura de bravoure						DESC:.CLEAR		DESC:Un paladin est immunisé contre la terreur (magique ou non). De plus, tous ses alliés situés à 3 m (2 cases) ou moins bénéficient d’un bonus de moral de +4 aux jets de sauvegarde contre tous les effets de terreur.
CATEGORY=Special Ability|Paladin ~ Aura of Resolve.MOD				OUTPUTNAME:Aura de fermeté						DESC:.CLEAR		DESC:Un paladin est immunisé contre les sorts et les pouvoirs magiques de charme. De plus, tous ses alliés situés à 3 m ou moins bénéficient d’un bonus de moral de +4 aux jets de sauvegarde contre tous les effets de charme.
CATEGORY=Special Ability|Paladin ~ Aura of Justice.MOD				OUTPUTNAME:Aura de justice						DESC:.CLEAR		DESC:Un paladin peut sacrifier deux utilisations de sa capacité du châtiment du Mal pour permettre à tous ses alliés situés à 3 m ou moins d’utiliser un châtiment du Mal avec ses propres bonus. Les alliés doivent utiliser ce châtiment du Mal avant que le prochain tour du paladin commence et les bonus persistent pendant une minute. Ce pouvoir s’utilise par une action libre. Les créatures d’alignement Mauvais ne tirent aucun avantage de l’aura de justice.
CATEGORY=Special Ability|Paladin ~ Aura of Faith.MOD				OUTPUTNAME:Aura de foi							DESC:.CLEAR		DESC:Les armes d’un paladin sont considérées comme dotées de l’alignement Bon lorsqu’il s’agit de déterminer si elles ignorent les réductions de dégâts. De plus, toutes les attaques faites contre un ennemi dans un rayon de 3 m autour du paladin sont également considérées comme dotées de l’alignement Bon lorsqu’il s’agit de déterminer si elles ignorent les réductions de dégâts.
CATEGORY=Special Ability|Paladin ~ Aura of Righteousness.MOD		OUTPUTNAME:Aura de droiture						DESC:.CLEAR		DESC:Un paladin gagne une RD 5/Mal et est immunisé aux sorts et aux pouvoirs magiques de coercition. De plus, tous ses alliés situés à 3 m ou moins bénéficient d’un bonus de moral de +4 aux jets de sauvegarde contre tous les effets de coercition.

CATEGORY=Special Ability|Paladin ~ Divine Bond.MOD					OUTPUTNAME:Pacte divin
CATEGORY=Special Ability|Divine Bond ~ Celestial Spirit.MOD			OUTPUTNAME:Arme sacrée							DESC:.CLEAR		DESC:Permet à un paladin d’enchanter son arme par une action simple en faisant appel à un esprit céleste qui lui accorde son aide pendant %1 minutes. Lorsqu’il est appelé, l’esprit fait briller l’arme comme une torche. Cet esprit donne à l’arme un bonus d’altération de %2. Ces bonus peuvent être ajoutés directement à l’arme et cumulés avec les bonus qu’elle possède déjà et ce jusqu’à un maximum de +5. Ces bonus peuvent également être utilisés pour ajouter l’une des propriétés suivantes à l’arme : acérée, axiomatique, de destruction, de feu, de feu intense, de lumière, de rapidité, gardienne, miséricordieuse ou sainte. Ajouter une de ces propriétés coûte une quantité de bonus équivalente au coût de la propriété. Ces propriétés s’ajoutent à celles que l’arme possède déjà mais les propriétés en double ne se cumulent pas. Si l’arme n’est pas magique, il faut lui ajouter un bonus d’altération d’au moins +1 avant de pouvoir lui conférer des propriétés. Les bonus et les propriétés donnés par l’esprit sont déterminés lorsqu’il est appelé et ne peuvent donc être modifiés que lorsque l’esprit est appelé à nouveau. L’esprit céleste n’accorde aucun bonus si quelqu’un d’autre que le paladin tient l’arme, mais les bonus réapparaissent si l’arme revient dans la main du paladin. Ces bonus ne s’appliquent qu’à une seule tête si l’arme est une arme double. Un paladin peut utiliser cette capacité %3 fois par jour. Si une arme est détruite alors qu’elle est liée à un esprit céleste, le paladin doit attendre de gagner un niveau ou que trente jours se soient écoulés avant de pouvoir utiliser cette capacité à nouveau. Pendant cette période d’attente, le paladin subit un malus de -1 à tous les jets d’attaque et de dégâts lorsqu’il combat avec une arme.|CelestialSpiritDuration|CelestialSpiritBonus|DivineBondTimes
CATEGORY=Special Ability|Divine Bond ~ Special Mount.MOD			OUTPUTNAME:Destrier								DESC:.CLEAR		DESC:Permet à un paladin d’acquérir les services d’un destrier plus intelligent, fort et loyal que la moyenne, qui viendra l’aider dans sa croisade contre le mal. Il s’agit généralement d’un cheval lourd (pour un paladin de taille M) ou d’un poney (pour un paladin de taille P), mais des montures plus exotiques comme un sanglier, un chameau ou un chien sont également possibles. Le destrier suit les mêmes règles que les compagnons animaux des druides, avec un niveau de druide effectif égal au niveau du paladin. Les montures ainsi liées au paladin possèdent une Intelligence d’au moins 6.

CATEGORY=Special Ability|Mercy ~ Fatigued.MOD						OUTPUTNAME:Grâce (Fatigué)
CATEGORY=Special Ability|Mercy ~ Shaken.MOD							OUTPUTNAME:Grâce (Secoué)
CATEGORY=Special Ability|Mercy ~ Sickened.MOD						OUTPUTNAME:Grâce (Fiévreux)
CATEGORY=Special Ability|Mercy ~ Dazed.MOD							OUTPUTNAME:Grâce (Chancelant)
CATEGORY=Special Ability|Mercy ~ Diseased.MOD						OUTPUTNAME:Grâce (Guérison de la maladie)
CATEGORY=Special Ability|Mercy ~ Staggered.MOD						OUTPUTNAME:Grâce (Hébété)
CATEGORY=Special Ability|Mercy ~ Cursed.MOD							OUTPUTNAME:Grâce (Délivrance de la malédiction)
CATEGORY=Special Ability|Mercy ~ Exhausted.MOD						OUTPUTNAME:Grâce (Épuisé)
CATEGORY=Special Ability|Mercy ~ Frightened.MOD						OUTPUTNAME:Grâce (Effrayé)
CATEGORY=Special Ability|Mercy ~ Nauseated.MOD						OUTPUTNAME:Grâce (Nauséeux)
CATEGORY=Special Ability|Mercy ~ Poisoned.MOD						OUTPUTNAME:Grâce (Guérison du poison)
CATEGORY=Special Ability|Mercy ~ Blinded.MOD						OUTPUTNAME:Grâce (Aveugle)
CATEGORY=Special Ability|Mercy ~ Deafened.MOD						OUTPUTNAME:Grâce (Assourdi)
CATEGORY=Special Ability|Mercy ~ Paralyzed.MOD						OUTPUTNAME:Grâce (Paralysé)
CATEGORY=Special Ability|Mercy ~ Stunned.MOD						OUTPUTNAME:Grâce (Étourdi)
